<?xml version="1.0" encoding="UTF-8"?>
<testsuites name="Mocha Tests" time="250.940" tests="19" failures="0">
  <testsuite name="Root Suite" timestamp="2023-02-17T12:16:48" tests="0" file="cypress\e2e\smokeTest\homePage\actionButtons.cy.js" time="0.000" failures="0">
  </testsuite>
  <testsuite name="Check Action Buttons" timestamp="2023-02-17T12:16:48" tests="19" time="250.911" failures="0">
    <testcase name="Check Action Buttons TC_02.17 &gt; Verify that Search by List Button is enabled When Collaboration space is selected" time="11.931" classname="TC_02.17 &gt; Verify that Search by List Button is enabled When Collaboration space is selected">
    </testcase>
    <testcase name="Check Action Buttons TC_02.18 &gt; Verify that Search by Callendar button is enabled When Collaboration space is selected" time="12.424" classname="TC_02.18 &gt; Verify that Search by Callendar button is enabled When Collaboration space is selected">
    </testcase>
    <testcase name="Check Action Buttons TC_02.19 &gt; Verify that Search by Floor button is enabled When Collaboration space is selected" time="14.615" classname="TC_02.19 &gt; Verify that Search by Floor button is enabled When Collaboration space is selected">
    </testcase>
    <testcase name="Check Action Buttons TC_02.22 &gt; Verify that Search by List Button is enabled When Workspace type Asset is selected" time="12.755" classname="TC_02.22 &gt; Verify that Search by List Button is enabled When Workspace type Asset is selected">
    </testcase>
    <testcase name="Check Action Buttons TC_02.23 &gt; Verify that Search by Callendar button is enabled When Workspace type Asset is selected" time="14.024" classname="TC_02.23 &gt; Verify that Search by Callendar button is enabled When Workspace type Asset is selected">
    </testcase>
    <testcase name="Check Action Buttons TC_02.24 &gt; Verify that Search by Floor button is enabled When Workspace type Asset is selected" time="12.915" classname="TC_02.24 &gt; Verify that Search by Floor button is enabled When Workspace type Asset is selected">
    </testcase>
    <testcase name="Check Action Buttons TC_02.25 &gt; Verify that User is able to click Book button for available asset" time="18.514" classname="TC_02.25 &gt; Verify that User is able to click Book button for available asset">
    </testcase>
    <testcase name="Check Action Buttons TC_02.37 &gt; Verify that Search by List Button is enabled When Equipment Asset is selected" time="12.373" classname="TC_02.37 &gt; Verify that Search by List Button is enabled When Equipment Asset is selected">
    </testcase>
    <testcase name="Check Action Buttons TC_02.38 &gt; Verify that Search by Calendar Button is disabled When Equipment Asset is selected" time="13.423" classname="TC_02.38 &gt; Verify that Search by Calendar Button is disabled When Equipment Asset is selected">
    </testcase>
    <testcase name="Check Action Buttons TC_02.39 &gt; Verify that Search by Floor Plan Button is disabled When Equipment Asset is selected" time="12.426" classname="TC_02.39 &gt; Verify that Search by Floor Plan Button is disabled When Equipment Asset is selected">
    </testcase>
    <testcase name="Check Action Buttons TC_02.41 &gt; Verify that Search by List Button is enabled When Service Type Asset is selected" time="13.449" classname="TC_02.41 &gt; Verify that Search by List Button is enabled When Service Type Asset is selected">
    </testcase>
    <testcase name="Check Action Buttons TC_02.42 &gt; Verify that Search by Calendar Button is disabled When Service Type is selected" time="12.563" classname="TC_02.42 &gt; Verify that Search by Calendar Button is disabled When Service Type is selected">
    </testcase>
    <testcase name="Check Action Buttons TC_02.43 &gt; Verify that Search by Floor Plan Button is disabled When Service Type is selected" time="11.756" classname="TC_02.43 &gt; Verify that Search by Floor Plan Button is disabled When Service Type is selected">
    </testcase>
    <testcase name="Check Action Buttons TC_02.42 &gt; Verify that Search by List Button is enabled When Parking Asset Type is selected" time="16.248" classname="TC_02.42 &gt; Verify that Search by List Button is enabled When Parking Asset Type is selected">
    </testcase>
    <testcase name="Check Action Buttons TC_02.43 &gt; Verify that Search by Callendar button is enabled When Parking Asset Type is selected" time="12.513" classname="TC_02.43 &gt; Verify that Search by Callendar button is enabled When Parking Asset Type is selected">
    </testcase>
    <testcase name="Check Action Buttons TC_02.44 &gt; Verify that Search by Floor button is enabled When Parking Asset Type is selected" time="12.995" classname="TC_02.44 &gt; Verify that Search by Floor button is enabled When Parking Asset Type is selected">
    </testcase>
    <testcase name="Check Action Buttons TC_02.47 &gt; Verify that Search by List Button is enabled When Transportation Asset Type is selected" time="11.513" classname="TC_02.47 &gt; Verify that Search by List Button is enabled When Transportation Asset Type is selected">
    </testcase>
    <testcase name="Check Action Buttons TC_02.48 &gt; Verify that Search by Callendar button is enabled When Transportation Asset Type is selected" time="11.857" classname="TC_02.48 &gt; Verify that Search by Callendar button is enabled When Transportation Asset Type is selected">
    </testcase>
    <testcase name="Check Action Buttons TC_02.49 &gt; Verify that Search by Floor button is enabled When Transportation Asset Type is selected" time="11.654" classname="TC_02.49 &gt; Verify that Search by Floor button is enabled When Transportation Asset Type is selected">
    </testcase>
  </testsuite>
</testsuites>