<?xml version="1.0" encoding="UTF-8"?>
<testsuites name="Mocha Tests" time="50.225" tests="7" failures="1">
  <testsuite name="Root Suite" timestamp="2023-02-09T19:41:48" tests="0" file="cypress\e2e\smokeTest\homePage\createReservation.cy.js" time="0.000" failures="0">
  </testsuite>
  <testsuite name="Single Reservation Creation" timestamp="2023-02-09T19:41:48" tests="7" time="50.201" failures="1">
    <testcase name="Single Reservation Creation &quot;before each&quot; hook for &quot;TC_02.35 &gt; Verify that User is able to create single reservation with Workspace Asset type for Today&quot;" time="0.000" classname="&quot;before each&quot; hook for &quot;TC_02.35 &gt; Verify that User is able to create single reservation with Workspace Asset type for Today&quot;">
      <failure message="Timed out after waiting `50000ms` for your remote page to load.

Your page did not fire its `load` event within `50000ms`.

You can try increasing the `pageLoadTimeout` value in `cypress.config.js` to wait longer.

Browsers will not fire the `load` event until all stylesheets and scripts are done downloading.

When this `load` event occurs, Cypress will continue running commands.

Because this error occurred during a `before each` hook we are skipping the remaining tests in the current suite: `Single Reservation Creation`" type="CypressError"><![CDATA[CypressError: Timed out after waiting `50000ms` for your remote page to load.

Your page did not fire its `load` event within `50000ms`.

You can try increasing the `pageLoadTimeout` value in `cypress.config.js` to wait longer.

Browsers will not fire the `load` event until all stylesheets and scripts are done downloading.

When this `load` event occurs, Cypress will continue running commands.

Because this error occurred during a `before each` hook we are skipping the remaining tests in the current suite: `Single Reservation Creation`
    at timedOutWaitingForPageLoad (https://loginauto.agilquest.com/__cypress/runner/cypress_runner.js:141197:72)
    at <unknown> (https://loginauto.agilquest.com/__cypress/runner/cypress_runner.js:142384:16)
    at tryCatcher (https://loginauto.agilquest.com/__cypress/runner/cypress_runner.js:11318:23)
    at <unknown> (https://loginauto.agilquest.com/__cypress/runner/cypress_runner.js:6440:41)
    at tryCatcher (https://loginauto.agilquest.com/__cypress/runner/cypress_runner.js:11318:23)
    at Promise._settlePromiseFromHandler (https://loginauto.agilquest.com/__cypress/runner/cypress_runner.js:9253:31)
    at Promise._settlePromise (https://loginauto.agilquest.com/__cypress/runner/cypress_runner.js:9310:18)
    at Promise._settlePromise0 (https://loginauto.agilquest.com/__cypress/runner/cypress_runner.js:9355:10)
    at Promise._settlePromises (https://loginauto.agilquest.com/__cypress/runner/cypress_runner.js:9431:18)
    at _drainQueueStep (https://loginauto.agilquest.com/__cypress/runner/cypress_runner.js:6025:12)
    at _drainQueue (https://loginauto.agilquest.com/__cypress/runner/cypress_runner.js:6018:9)
    at ../../node_modules/bluebird/js/release/async.js.Async._drainQueues (https://loginauto.agilquest.com/__cypress/runner/cypress_runner.js:6034:5)
    at Async.drainQueues (https://loginauto.agilquest.com/__cypress/runner/cypress_runner.js:5904:14)
From Your Spec Code:
    at Context.eval (webpack:///./cypress/e2e/smokeTest/homePage/createReservation.cy.js:20:11)]]></failure>
    </testcase>
  </testsuite>
</testsuites>