<?xml version="1.0" encoding="UTF-8"?>
<testsuites name="Mocha Tests" time="123.972" tests="11" failures="0">
  <testsuite name="Root Suite" timestamp="2023-02-09T20:12:13" tests="0" file="cypress\e2e\smokeTest\homePage\searchWidget.cy.js" time="0.000" failures="0">
  </testsuite>
  <testsuite name="Search Widget Suite" timestamp="2023-02-09T20:12:13" tests="11" time="123.961" failures="0">
    <testcase name="Search Widget Suite TC_02.06 &gt; Verify that Reservation is set up by default in the Reservation/Event dropdown" time="8.168" classname="TC_02.06 &gt; Verify that Reservation is set up by default in the Reservation/Event dropdown">
    </testcase>
    <testcase name="Search Widget Suite TC_02.07 &gt; Verify that User is able to select Event in the  Reservation/Event dropdown" time="12.572" classname="TC_02.07 &gt; Verify that User is able to select Event in the  Reservation/Event dropdown">
    </testcase>
    <testcase name="Search Widget Suite TC_02.08 &gt; Verify that User is able to select a location from Location Dropdown" time="10.599" classname="TC_02.08 &gt; Verify that User is able to select a location from Location Dropdown">
    </testcase>
    <testcase name="Search Widget Suite TC_02.09 &gt; Verify that User is able to cross selected location" time="11.518" classname="TC_02.09 &gt; Verify that User is able to cross selected location">
    </testcase>
    <testcase name="Search Widget Suite TC_02.10 &gt; Verify Asset Collaboration Space is selected by Admin User" time="11.468" classname="TC_02.10 &gt; Verify Asset Collaboration Space is selected by Admin User">
    </testcase>
    <testcase name="Search Widget Suite TC_02.11 &gt; Verify Asset Workspace is selected by Admin User" time="11.516" classname="TC_02.11 &gt; Verify Asset Workspace is selected by Admin User">
    </testcase>
    <testcase name="Search Widget Suite TC_02.12 &gt; Verify Asset Equipment is selected by Admin User" time="11.333" classname="TC_02.12 &gt; Verify Asset Equipment is selected by Admin User">
    </testcase>
    <testcase name="Search Widget Suite TC_02.13 &gt; Verify Asset Service is selected by Admin User" time="11.232" classname="TC_02.13 &gt; Verify Asset Service is selected by Admin User">
    </testcase>
    <testcase name="Search Widget Suite TC_02.14 &gt; Verify Asset Parking is selected by Admin User" time="11.716" classname="TC_02.14 &gt; Verify Asset Parking is selected by Admin User">
    </testcase>
    <testcase name="Search Widget Suite TC_02.15 &gt; Verify Asset Transportation is selected by Admin User" time="11.643" classname="TC_02.15 &gt; Verify Asset Transportation is selected by Admin User">
    </testcase>
    <testcase name="Search Widget Suite TC_02.16 &gt; Verify Asset Health and Wellness is selected by Admin User" time="11.800" classname="TC_02.16 &gt; Verify Asset Health and Wellness is selected by Admin User">
    </testcase>
  </testsuite>
</testsuites>