<?xml version="1.0" encoding="UTF-8"?>
<testsuites name="Mocha Tests" time="123.112" tests="11" failures="0">
  <testsuite name="Root Suite" timestamp="2023-02-14T19:41:16" tests="0" file="cypress\e2e\smokeTest\homePage\searchWidget.cy.js" time="0.000" failures="0">
  </testsuite>
  <testsuite name="Search Widget Suite" timestamp="2023-02-14T19:41:16" tests="11" time="123.098" failures="0">
    <testcase name="Search Widget Suite TC_02.06 &gt; Verify that Reservation is set up by default in the Reservation/Event dropdown" time="9.633" classname="TC_02.06 &gt; Verify that Reservation is set up by default in the Reservation/Event dropdown">
    </testcase>
    <testcase name="Search Widget Suite TC_02.07 &gt; Verify that User is able to select Event in the  Reservation/Event dropdown" time="9.390" classname="TC_02.07 &gt; Verify that User is able to select Event in the  Reservation/Event dropdown">
    </testcase>
    <testcase name="Search Widget Suite TC_02.08 &gt; Verify that User is able to select a location from Location Dropdown" time="12.011" classname="TC_02.08 &gt; Verify that User is able to select a location from Location Dropdown">
    </testcase>
    <testcase name="Search Widget Suite TC_02.09 &gt; Verify that User is able to cross selected location" time="12.335" classname="TC_02.09 &gt; Verify that User is able to cross selected location">
    </testcase>
    <testcase name="Search Widget Suite TC_02.10 &gt; Verify Asset Collaboration Space is selected by Admin User" time="11.400" classname="TC_02.10 &gt; Verify Asset Collaboration Space is selected by Admin User">
    </testcase>
    <testcase name="Search Widget Suite TC_02.11 &gt; Verify Asset Workspace is selected by Admin User" time="10.709" classname="TC_02.11 &gt; Verify Asset Workspace is selected by Admin User">
    </testcase>
    <testcase name="Search Widget Suite TC_02.12 &gt; Verify Asset Equipment is selected by Admin User" time="11.863" classname="TC_02.12 &gt; Verify Asset Equipment is selected by Admin User">
    </testcase>
    <testcase name="Search Widget Suite TC_02.13 &gt; Verify Asset Service is selected by Admin User" time="11.075" classname="TC_02.13 &gt; Verify Asset Service is selected by Admin User">
    </testcase>
    <testcase name="Search Widget Suite TC_02.14 &gt; Verify Asset Parking is selected by Admin User" time="11.286" classname="TC_02.14 &gt; Verify Asset Parking is selected by Admin User">
    </testcase>
    <testcase name="Search Widget Suite TC_02.15 &gt; Verify Asset Transportation is selected by Admin User" time="11.554" classname="TC_02.15 &gt; Verify Asset Transportation is selected by Admin User">
    </testcase>
    <testcase name="Search Widget Suite TC_02.16 &gt; Verify Asset Health and Wellness is selected by Admin User" time="11.602" classname="TC_02.16 &gt; Verify Asset Health and Wellness is selected by Admin User">
    </testcase>
  </testsuite>
</testsuites>