<?xml version="1.0" encoding="UTF-8"?>
<testsuites name="Mocha Tests" time="144.903" tests="7" failures="0">
  <testsuite name="Root Suite" timestamp="2023-02-17T12:21:04" tests="0" file="cypress\e2e\smokeTest\homePage\createReservation.cy.js" time="0.000" failures="0">
  </testsuite>
  <testsuite name="Single Reservation Creation" timestamp="2023-02-17T12:21:04" tests="7" time="144.887" failures="0">
    <testcase name="Single Reservation Creation TC_02.35 &gt; Verify that User is able to create single reservation with Workspace Asset type for Today" time="18.643" classname="TC_02.35 &gt; Verify that User is able to create single reservation with Workspace Asset type for Today">
    </testcase>
    <testcase name="Single Reservation Creation TC_02.36 &gt; Verify that User is able to create single reservation with Collaboration Space Asset type for Today" time="20.553" classname="TC_02.36 &gt; Verify that User is able to create single reservation with Collaboration Space Asset type for Today">
    </testcase>
    <testcase name="Single Reservation Creation TC_02.40 &gt; Verify that User is able to create single reservation with Equipment Asset type for Today" time="19.564" classname="TC_02.40 &gt; Verify that User is able to create single reservation with Equipment Asset type for Today">
    </testcase>
    <testcase name="Single Reservation Creation TC_02.41 &gt; Verify that User is able to create single reservation with Service Asset type" time="20.991" classname="TC_02.41 &gt; Verify that User is able to create single reservation with Service Asset type">
    </testcase>
    <testcase name="Single Reservation Creation TC_02.46 &gt; Verify that User is able to create single reservation with Parking Asset type for Today" time="21.303" classname="TC_02.46 &gt; Verify that User is able to create single reservation with Parking Asset type for Today">
    </testcase>
    <testcase name="Single Reservation Creation TC_02.50 &gt; Verify that User is able to create single reservation with Transportation Asset type for Today" time="22.457" classname="TC_02.50 &gt; Verify that User is able to create single reservation with Transportation Asset type for Today">
    </testcase>
    <testcase name="Single Reservation Creation TC_02.51 &gt; Verify that User is able to create single reservation with Health and Wellness Asset type for Today" time="20.800" classname="TC_02.51 &gt; Verify that User is able to create single reservation with Health and Wellness Asset type for Today">
    </testcase>
  </testsuite>
</testsuites>