<?xml version="1.0" encoding="UTF-8"?>
<testsuites name="Mocha Tests" time="253.182" tests="19" failures="0">
  <testsuite name="Root Suite" timestamp="2023-02-09T20:20:18" tests="0" file="cypress\e2e\smokeTest\homePage\actionButtons.cy.js" time="0.000" failures="0">
  </testsuite>
  <testsuite name="Check Action Buttons" timestamp="2023-02-09T20:20:18" tests="19" time="253.164" failures="0">
    <testcase name="Check Action Buttons TC_02.17 &gt; Verify that Search by List Button is enabled When Collaboration space is selected" time="12.053" classname="TC_02.17 &gt; Verify that Search by List Button is enabled When Collaboration space is selected">
    </testcase>
    <testcase name="Check Action Buttons TC_02.18 &gt; Verify that Search by Callendar button is enabled When Collaboration space is selected" time="11.896" classname="TC_02.18 &gt; Verify that Search by Callendar button is enabled When Collaboration space is selected">
    </testcase>
    <testcase name="Check Action Buttons TC_02.19 &gt; Verify that Search by Floor button is enabled When Collaboration space is selected" time="12.008" classname="TC_02.19 &gt; Verify that Search by Floor button is enabled When Collaboration space is selected">
    </testcase>
    <testcase name="Check Action Buttons TC_02.22 &gt; Verify that Search by List Button is enabled When Workspace type Asset is selected" time="12.036" classname="TC_02.22 &gt; Verify that Search by List Button is enabled When Workspace type Asset is selected">
    </testcase>
    <testcase name="Check Action Buttons TC_02.23 &gt; Verify that Search by Callendar button is enabled When Workspace type Asset is selected" time="12.083" classname="TC_02.23 &gt; Verify that Search by Callendar button is enabled When Workspace type Asset is selected">
    </testcase>
    <testcase name="Check Action Buttons TC_02.24 &gt; Verify that Search by Floor button is enabled When Workspace type Asset is selected" time="12.816" classname="TC_02.24 &gt; Verify that Search by Floor button is enabled When Workspace type Asset is selected">
    </testcase>
    <testcase name="Check Action Buttons TC_02.25 &gt; Verify that User is able to click Book button for available asset" time="18.750" classname="TC_02.25 &gt; Verify that User is able to click Book button for available asset">
    </testcase>
    <testcase name="Check Action Buttons TC_02.37 &gt; Verify that Search by List Button is enabled When Equipment Asset is selected" time="12.351" classname="TC_02.37 &gt; Verify that Search by List Button is enabled When Equipment Asset is selected">
    </testcase>
    <testcase name="Check Action Buttons TC_02.38 &gt; Verify that Search by Calendar Button is disabled When Equipment Asset is selected" time="12.268" classname="TC_02.38 &gt; Verify that Search by Calendar Button is disabled When Equipment Asset is selected">
    </testcase>
    <testcase name="Check Action Buttons TC_02.39 &gt; Verify that Search by Floor Plan Button is disabled When Equipment Asset is selected" time="12.674" classname="TC_02.39 &gt; Verify that Search by Floor Plan Button is disabled When Equipment Asset is selected">
    </testcase>
    <testcase name="Check Action Buttons TC_02.41 &gt; Verify that Search by List Button is enabled When Service Type Asset is selected" time="12.175" classname="TC_02.41 &gt; Verify that Search by List Button is enabled When Service Type Asset is selected">
    </testcase>
    <testcase name="Check Action Buttons TC_02.42 &gt; Verify that Search by Calendar Button is disabled When Service Type is selected" time="12.578" classname="TC_02.42 &gt; Verify that Search by Calendar Button is disabled When Service Type is selected">
    </testcase>
    <testcase name="Check Action Buttons TC_02.43 &gt; Verify that Search by Floor Plan Button is disabled When Service Type is selected" time="12.818" classname="TC_02.43 &gt; Verify that Search by Floor Plan Button is disabled When Service Type is selected">
    </testcase>
    <testcase name="Check Action Buttons TC_02.42 &gt; Verify that Search by List Button is enabled When Parking Asset Type is selected" time="13.639" classname="TC_02.42 &gt; Verify that Search by List Button is enabled When Parking Asset Type is selected">
    </testcase>
    <testcase name="Check Action Buttons TC_02.43 &gt; Verify that Search by Callendar button is enabled When Parking Asset Type is selected" time="13.251" classname="TC_02.43 &gt; Verify that Search by Callendar button is enabled When Parking Asset Type is selected">
    </testcase>
    <testcase name="Check Action Buttons TC_02.44 &gt; Verify that Search by Floor button is enabled When Parking Asset Type is selected" time="15.245" classname="TC_02.44 &gt; Verify that Search by Floor button is enabled When Parking Asset Type is selected">
    </testcase>
    <testcase name="Check Action Buttons TC_02.47 &gt; Verify that Search by List Button is enabled When Transportation Asset Type is selected" time="13.878" classname="TC_02.47 &gt; Verify that Search by List Button is enabled When Transportation Asset Type is selected">
    </testcase>
    <testcase name="Check Action Buttons TC_02.48 &gt; Verify that Search by Callendar button is enabled When Transportation Asset Type is selected" time="14.810" classname="TC_02.48 &gt; Verify that Search by Callendar button is enabled When Transportation Asset Type is selected">
    </testcase>
    <testcase name="Check Action Buttons TC_02.49 &gt; Verify that Search by Floor button is enabled When Transportation Asset Type is selected" time="14.154" classname="TC_02.49 &gt; Verify that Search by Floor button is enabled When Transportation Asset Type is selected">
    </testcase>
  </testsuite>
</testsuites>