<?xml version="1.0" encoding="UTF-8"?>
<testsuites name="Mocha Tests" time="24.114" tests="1" failures="0">
  <testsuite name="Root Suite" timestamp="2023-02-17T12:51:52" tests="0" file="cypress\e2e\smokeTest\homePage\reserveForm.cy.js" time="0.000" failures="0">
  </testsuite>
  <testsuite name="reserve form verification" timestamp="2023-02-17T12:51:52" tests="1" time="24.087" failures="0">
    <testcase name="reserve form verification TC_02.33 &gt; Verify that User is able to change Owner for another" time="24.037" classname="TC_02.33 &gt; Verify that User is able to change Owner for another">
    </testcase>
  </testsuite>
</testsuites>