<?xml version="1.0" encoding="UTF-8"?>
<testsuites name="Mocha Tests" time="28.507" tests="2" failures="0">
  <testsuite name="Root Suite" timestamp="2023-02-17T12:51:18" tests="0" file="cypress\e2e\smokeTest\homePage\dataPicker.cy.js" time="0.000" failures="0">
  </testsuite>
  <testsuite name="Check Date &amp; TIme Picker" timestamp="2023-02-17T12:51:18" tests="2" time="28.492" failures="0">
    <testcase name="Check Date &amp; TIme Picker TC.02_52 &gt; Verify that Current Day is displayed in When Widget" time="12.178" classname="TC.02_52 &gt; Verify that Current Day is displayed in When Widget">
    </testcase>
    <testcase name="Check Date &amp; TIme Picker TC_02.53 &gt; Verify that User is able to select Date in Future in When Widget" time="16.226" classname="TC_02.53 &gt; Verify that User is able to select Date in Future in When Widget">
    </testcase>
  </testsuite>
</testsuites>