<?xml version="1.0" encoding="UTF-8"?>
<testsuites name="Mocha Tests" time="26.647" tests="2" failures="0">
  <testsuite name="Root Suite" timestamp="2023-02-09T20:08:33" tests="0" file="cypress\e2e\smokeTest\homePage\dataPicker.cy.js" time="0.000" failures="0">
  </testsuite>
  <testsuite name="Check Action Buttons" timestamp="2023-02-09T20:08:33" tests="2" time="26.637" failures="0">
    <testcase name="Check Action Buttons TC.02_52 &gt; Verify that Current Day is displayed in When Widget" time="11.543" classname="TC.02_52 &gt; Verify that Current Day is displayed in When Widget">
    </testcase>
    <testcase name="Check Action Buttons TC_02.53 &gt; Verify that User is able to select Date in Future in When Widget" time="14.936" classname="TC_02.53 &gt; Verify that User is able to select Date in Future in When Widget">
    </testcase>
  </testsuite>
</testsuites>