<?xml version="1.0" encoding="UTF-8"?>
<testsuites name="Mocha Tests" time="165.675" tests="9" failures="0">
  <testsuite name="Root Suite" timestamp="2023-02-09T20:28:01" tests="0" file="cypress\e2e\smokeTest\homePage\reserveForm.cy.js" time="0.000" failures="0">
  </testsuite>
  <testsuite name="reserve form verification" timestamp="2023-02-09T20:28:02" tests="9" time="165.659" failures="0">
    <testcase name="reserve form verification TC_02.26 &gt; Verify that Submit button is disabled after opening the Reserve form" time="15.832" classname="TC_02.26 &gt; Verify that Submit button is disabled after opening the Reserve form">
    </testcase>
    <testcase name="reserve form verification TC_02.27 &gt; Verify that Add Asset button is disabled after opening the Reserve form" time="16.643" classname="TC_02.27 &gt; Verify that Add Asset button is disabled after opening the Reserve form">
    </testcase>
    <testcase name="reserve form verification TC_02.28 &gt; Verify that Private checkbox is unchecked after opening the Reserve form" time="16.516" classname="TC_02.28 &gt; Verify that Private checkbox is unchecked after opening the Reserve form">
    </testcase>
    <testcase name="reserve form verification TC_02.29 &gt; Verify that User is able to check the Private checkbox" time="22.490" classname="TC_02.29 &gt; Verify that User is able to check the Private checkbox">
    </testcase>
    <testcase name="reserve form verification TC_02.30 &gt; Verify that User is able to uncheck the Private checkbox" time="16.998" classname="TC_02.30 &gt; Verify that User is able to uncheck the Private checkbox">
    </testcase>
    <testcase name="reserve form verification TC_02.31 &gt; Verify that User is able to type reservation Name" time="18.283" classname="TC_02.31 &gt; Verify that User is able to type reservation Name">
    </testcase>
    <testcase name="reserve form verification TC_02.32 &gt; Verify that Change Owner button is clickable" time="18.169" classname="TC_02.32 &gt; Verify that Change Owner button is clickable">
    </testcase>
    <testcase name="reserve form verification TC_02.33 &gt; Verify that User is able to change Owner for another" time="22.556" classname="TC_02.33 &gt; Verify that User is able to change Owner for another">
    </testcase>
    <testcase name="reserve form verification TC_02.34 &gt; Verify that Abb button is enabled when Reservation Name field is filled in for Workspace asset type" time="17.730" classname="TC_02.34 &gt; Verify that Abb button is enabled when Reservation Name field is filled in for Workspace asset type">
    </testcase>
  </testsuite>
</testsuites>