<?xml version="1.0" encoding="UTF-8"?>
<testsuites name="Mocha Tests" time="178.778" tests="11" failures="1">
  <testsuite name="Root Suite" timestamp="2023-02-17T12:24:28" tests="0" file="cypress\e2e\smokeTest\homePage\searchWidget.cy.js" time="0.000" failures="0">
  </testsuite>
  <testsuite name="Search Widget Suite" timestamp="2023-02-17T12:24:28" tests="11" time="178.760" failures="1">
    <testcase name="Search Widget Suite TC_02.06 &gt; Verify that Reservation is set up by default in the Reservation/Event dropdown" time="9.421" classname="TC_02.06 &gt; Verify that Reservation is set up by default in the Reservation/Event dropdown">
    </testcase>
    <testcase name="Search Widget Suite TC_02.07 &gt; Verify that User is able to select Event in the  Reservation/Event dropdown" time="0.000" classname="TC_02.07 &gt; Verify that User is able to select Event in the  Reservation/Event dropdown">
      <failure message="Timed out retrying after 50000ms: Expected to find element: `.buttons-row .button-primary[style=&quot;text-overflow: initial&quot;]`, but never found it." type="AssertionError"><![CDATA[AssertionError: Timed out retrying after 50000ms: Expected to find element: `.buttons-row .button-primary[style="text-overflow: initial"]`, but never found it.
    at HomePage.eval [as getCancelBtnWherePopUp] (webpack:///./cypress/pageObjects/homePage.js:12:36)
    at HomePage.clickCancelBtnWherePopUp (webpack:///./cypress/pageObjects/homePage.js:96:9)
    at Context.eval (webpack:///./cypress/e2e/smokeTest/homePage/searchWidget.cy.js:23:13)]]></failure>
    </testcase>
    <testcase name="Search Widget Suite TC_02.08 &gt; Verify that User is able to select a location from Location Dropdown" time="12.320" classname="TC_02.08 &gt; Verify that User is able to select a location from Location Dropdown">
    </testcase>
    <testcase name="Search Widget Suite TC_02.09 &gt; Verify that User is able to cross selected location" time="12.731" classname="TC_02.09 &gt; Verify that User is able to cross selected location">
    </testcase>
    <testcase name="Search Widget Suite TC_02.10 &gt; Verify Asset Collaboration Space is selected by Admin User" time="11.116" classname="TC_02.10 &gt; Verify Asset Collaboration Space is selected by Admin User">
    </testcase>
    <testcase name="Search Widget Suite TC_02.11 &gt; Verify Asset Workspace is selected by Admin User" time="11.281" classname="TC_02.11 &gt; Verify Asset Workspace is selected by Admin User">
    </testcase>
    <testcase name="Search Widget Suite TC_02.12 &gt; Verify Asset Equipment is selected by Admin User" time="10.939" classname="TC_02.12 &gt; Verify Asset Equipment is selected by Admin User">
    </testcase>
    <testcase name="Search Widget Suite TC_02.13 &gt; Verify Asset Service is selected by Admin User" time="11.519" classname="TC_02.13 &gt; Verify Asset Service is selected by Admin User">
    </testcase>
    <testcase name="Search Widget Suite TC_02.14 &gt; Verify Asset Parking is selected by Admin User" time="10.841" classname="TC_02.14 &gt; Verify Asset Parking is selected by Admin User">
    </testcase>
    <testcase name="Search Widget Suite TC_02.15 &gt; Verify Asset Transportation is selected by Admin User" time="17.791" classname="TC_02.15 &gt; Verify Asset Transportation is selected by Admin User">
    </testcase>
    <testcase name="Search Widget Suite TC_02.16 &gt; Verify Asset Health and Wellness is selected by Admin User" time="10.994" classname="TC_02.16 &gt; Verify Asset Health and Wellness is selected by Admin User">
    </testcase>
  </testsuite>
</testsuites>